#
# There is insufficient memory for the Java Runtime Environment to continue.
# Native memory allocation (malloc) failed to allocate 361136 bytes for Chunk::new
# Possible reasons:
#   The system is out of physical RAM or swap space
#   The process is running with CompressedOops enabled, and the Java Heap may be blocking the growth of the native heap
# Possible solutions:
#   Reduce memory load on the system
#   Increase physical memory or swap space
#   Check if swap backing store is full
#   Decrease Java heap size (-Xmx/-Xms)
#   Decrease number of Java threads
#   Decrease Java thread stack sizes (-Xss)
#   Set larger code cache with -XX:ReservedCodeCacheSize=
#   JVM is running with Unscaled Compressed Oops mode in which the Java heap is
#     placed in the first 4GB address space. The Java Heap base address is the
#     maximum limit for the native heap growth. Please use -XX:HeapBaseMinAddress
#     to set the Java Heap base and to place the Java Heap above 4GB virtual address.
# This output file may be truncated or incomplete.
#
#  Out of Memory Error (./src/hotspot/share/memory/arena.cpp:197), pid=34484, tid=24620
#
# JRE version: OpenJDK Runtime Environment Temurin-11.0.12+7 (11.0.12+7) (build 11.0.12+7)
# Java VM: OpenJDK 64-Bit Server VM Temurin-11.0.12+7 (11.0.12+7, mixed mode, tiered, compressed oops, g1 gc, windows-amd64)
# No core dump will be written. Minidumps are not enabled by default on client versions of Windows
#

---------------  S U M M A R Y ------------

Command Line: -javaagent:C:\Program Files\JetBrains\IntelliJ IDEA Community Edition 2021.2.1\lib\idea_rt.jar=52773:C:\Program Files\JetBrains\IntelliJ IDEA Community Edition 2021.2.1\bin -Dfile.encoding=UTF-8 com.example.AnnualLeave.AnnualLeaveApplication

Host: Intel(R) Core(TM) i5-10210U CPU @ 1.60GHz, 8 cores, 7G,  Windows 10 , 64 bit Build 19041 (10.0.19041.1151)
Time: Mon Sep 13 13:33:30 2021 Central Europe Daylight Time elapsed time: 508.021180 seconds (0d 0h 8m 28s)

---------------  T H R E A D  ---------------

Current thread (0x00000225ff4c8000):  JavaThread "C2 CompilerThread0" daemon [_thread_in_native, id=24620, stack(0x000000f30c400000,0x000000f30c500000)]


Current CompileTask:
C2: 508022 12523 % !   4       org.hibernate.internal.util.collections.BoundedConcurrentHashMap$LIRS::execute @ 16 (79 bytes)

Stack: [0x000000f30c400000,0x000000f30c500000]
Native frames: (J=compiled Java code, j=interpreted, Vv=VM code, C=native code)
V  [jvm.dll+0x601d0a]
V  [jvm.dll+0x78ab6e]
V  [jvm.dll+0x78c23f]
V  [jvm.dll+0x78c903]
V  [jvm.dll+0x24be68]
V  [jvm.dll+0xc219c]
V  [jvm.dll+0xc275c]
V  [jvm.dll+0x2bde24]
V  [jvm.dll+0x512bd9]
V  [jvm.dll+0x207097]
V  [jvm.dll+0x2045da]
V  [jvm.dll+0x1898fc]
V  [jvm.dll+0x213d67]
V  [jvm.dll+0x211f2b]
V  [jvm.dll+0x74ec19]
V  [jvm.dll+0x747c84]
V  [jvm.dll+0x600ba6]
C  [ucrtbase.dll+0x21bb2]
C  [KERNEL32.DLL+0x17034]
C  [ntdll.dll+0x52651]


---------------  P R O C E S S  ---------------

Threads class SMR info:
_java_thread_list=0x000002259e35e600, length=28, elements={
0x00000225ff488000, 0x00000225ff4bb000, 0x00000225ff4c1800, 0x00000225ff4c2800,
0x00000225ff4c5000, 0x00000225ff4c8000, 0x00000225ff4cd800, 0x0000022597696800,
0x00000225977ef000, 0x0000022597a27000, 0x000002259aa7f800, 0x000002259ba92800,
0x000002259be84000, 0x000002259cf6c800, 0x000002259bd7d800, 0x000002259e415800,
0x000002259bec9000, 0x00000225f7c0c000, 0x000002259b97e800, 0x000002259ced8800,
0x000002259ced8000, 0x000002259ced7000, 0x000002259ced9800, 0x000002259ceda800,
0x000002259cedb000, 0x000002259ced6000, 0x000002259cedd000, 0x000002259cedc000
}

Java Threads: ( => current thread )
  0x00000225ff488000 JavaThread "Reference Handler" daemon [_thread_blocked, id=13628, stack(0x000000f30bf00000,0x000000f30c000000)]
  0x00000225ff4bb000 JavaThread "Finalizer" daemon [_thread_blocked, id=9396, stack(0x000000f30c000000,0x000000f30c100000)]
  0x00000225ff4c1800 JavaThread "Signal Dispatcher" daemon [_thread_blocked, id=5712, stack(0x000000f30c100000,0x000000f30c200000)]
  0x00000225ff4c2800 JavaThread "Attach Listener" daemon [_thread_blocked, id=33236, stack(0x000000f30c200000,0x000000f30c300000)]
  0x00000225ff4c5000 JavaThread "Service Thread" daemon [_thread_blocked, id=7048, stack(0x000000f30c300000,0x000000f30c400000)]
=>0x00000225ff4c8000 JavaThread "C2 CompilerThread0" daemon [_thread_in_native, id=24620, stack(0x000000f30c400000,0x000000f30c500000)]
  0x00000225ff4cd800 JavaThread "C1 CompilerThread0" daemon [_thread_blocked, id=31552, stack(0x000000f30c500000,0x000000f30c600000)]
  0x0000022597696800 JavaThread "Sweeper thread" daemon [_thread_blocked, id=5284, stack(0x000000f30c600000,0x000000f30c700000)]
  0x00000225977ef000 JavaThread "Common-Cleaner" daemon [_thread_blocked, id=24596, stack(0x000000f30c700000,0x000000f30c800000)]
  0x0000022597a27000 JavaThread "Monitor Ctrl-Break" daemon [_thread_in_native, id=34576, stack(0x000000f30c900000,0x000000f30ca00000)]
  0x000002259aa7f800 JavaThread "Catalina-utility-1" [_thread_blocked, id=30072, stack(0x000000f30d000000,0x000000f30d100000)]
  0x000002259ba92800 JavaThread "Catalina-utility-2" [_thread_blocked, id=20184, stack(0x000000f30d100000,0x000000f30d200000)]
  0x000002259be84000 JavaThread "container-0" [_thread_blocked, id=4852, stack(0x000000f30d200000,0x000000f30d300000)]
  0x000002259cf6c800 JavaThread "mysql-cj-abandoned-connection-cleanup" daemon [_thread_blocked, id=35528, stack(0x000000f30d300000,0x000000f30d400000)]
  0x000002259bd7d800 JavaThread "HikariPool-1 housekeeper" daemon [_thread_blocked, id=32844, stack(0x000000f30d900000,0x000000f30da00000)]
  0x000002259e415800 JavaThread "http-nio-9191-Poller" daemon [_thread_in_native, id=31656, stack(0x000000f30ce00000,0x000000f30cf00000)]
  0x000002259bec9000 JavaThread "http-nio-9191-Acceptor" daemon [_thread_in_native, id=19228, stack(0x000000f30db00000,0x000000f30dc00000)]
  0x00000225f7c0c000 JavaThread "DestroyJavaVM" [_thread_blocked, id=32348, stack(0x000000f30b800000,0x000000f30b900000)]
  0x000002259b97e800 JavaThread "http-nio-9191-exec-1" daemon [_thread_in_native, id=16096, stack(0x000000f30c800000,0x000000f30c900000)]
  0x000002259ced8800 JavaThread "http-nio-9191-exec-2" daemon [_thread_in_native, id=5276, stack(0x000000f30da00000,0x000000f30db00000)]
  0x000002259ced8000 JavaThread "http-nio-9191-exec-3" daemon [_thread_blocked, id=9536, stack(0x000000f30b500000,0x000000f30b600000)]
  0x000002259ced7000 JavaThread "http-nio-9191-exec-4" daemon [_thread_blocked, id=13612, stack(0x000000f30b600000,0x000000f30b700000)]
  0x000002259ced9800 JavaThread "http-nio-9191-exec-5" daemon [_thread_blocked, id=28116, stack(0x000000f30b700000,0x000000f30b800000)]
  0x000002259ceda800 JavaThread "http-nio-9191-exec-6" daemon [_thread_in_native, id=24504, stack(0x000000f30de00000,0x000000f30df00000)]
  0x000002259cedb000 JavaThread "http-nio-9191-exec-7" daemon [_thread_blocked, id=8188, stack(0x000000f30dc00000,0x000000f30dd00000)]
  0x000002259ced6000 JavaThread "http-nio-9191-exec-8" daemon [_thread_blocked, id=24792, stack(0x000000f30dd00000,0x000000f30de00000)]
  0x000002259cedd000 JavaThread "http-nio-9191-exec-9" daemon [_thread_in_native, id=29912, stack(0x000000f30df00000,0x000000f30e000000)]
  0x000002259cedc000 JavaThread "http-nio-9191-exec-10" daemon [_thread_in_Java, id=21348, stack(0x000000f30e000000,0x000000f30e100000)]

Other Threads:
  0x00000225ff487000 VMThread "VM Thread" [stack: 0x000000f30be00000,0x000000f30bf00000] [id=19368]
  0x0000022597a3d000 WatcherThread [stack: 0x000000f30ca00000,0x000000f30cb00000] [id=20152]
  0x00000225f7c24000 GCTaskThread "GC Thread#0" [stack: 0x000000f30b900000,0x000000f30ba00000] [id=34156]
  0x000002259853b800 GCTaskThread "GC Thread#1" [stack: 0x000000f30cb00000,0x000000f30cc00000] [id=2512]
  0x000002259846b800 GCTaskThread "GC Thread#2" [stack: 0x000000f30cc00000,0x000000f30cd00000] [id=21880]
  0x00000225986fc000 GCTaskThread "GC Thread#3" [stack: 0x000000f30cd00000,0x000000f30ce00000] [id=34660]
  0x000002259c1cc800 GCTaskThread "GC Thread#4" [stack: 0x000000f30d500000,0x000000f30d600000] [id=33680]
  0x000002259aeae800 GCTaskThread "GC Thread#5" [stack: 0x000000f30d600000,0x000000f30d700000] [id=28492]
  0x000002259ea90800 GCTaskThread "GC Thread#6" [stack: 0x000000f30d700000,0x000000f30d800000] [id=18092]
  0x000002259bdf8800 GCTaskThread "GC Thread#7" [stack: 0x000000f30d800000,0x000000f30d900000] [id=21428]
  0x00000225f7c58000 ConcurrentGCThread "G1 Main Marker" [stack: 0x000000f30ba00000,0x000000f30bb00000] [id=16820]
  0x00000225f7c5a800 ConcurrentGCThread "G1 Conc#0" [stack: 0x000000f30bb00000,0x000000f30bc00000] [id=31040]
  0x0000022598711800 ConcurrentGCThread "G1 Conc#1" [stack: 0x000000f30cf00000,0x000000f30d000000] [id=24788]
  0x00000225ff2f2800 ConcurrentGCThread "G1 Refine#0" [stack: 0x000000f30bc00000,0x000000f30bd00000] [id=24728]
  0x00000225f7cda800 ConcurrentGCThread "G1 Young RemSet Sampling" [stack: 0x000000f30bd00000,0x000000f30be00000] [id=35440]

Threads with active compile tasks:
C2 CompilerThread0 508063 12523 % !   4       org.hibernate.internal.util.collections.BoundedConcurrentHashMap$LIRS::execute @ 16 (79 bytes)

VM state:not at safepoint (normal execution)

VM Mutex/Monitor currently owned by a thread: None

Heap address: 0x0000000083400000, size: 1996 MB, Compressed Oops mode: 32-bit
Narrow klass base: 0x0000000000000000, Narrow klass shift: 3
Compressed class space size: 1073741824 Address: 0x0000000100000000

Heap:
 garbage-first heap   total 155648K, used 66044K [0x0000000083400000, 0x0000000100000000)
  region size 1024K, 35 young (35840K), 1 survivors (1024K)
 Metaspace       used 81133K, capacity 83428K, committed 83532K, reserved 1122304K
  class space    used 9887K, capacity 10803K, committed 10828K, reserved 1048576K
Heap Regions: E=young(eden), S=young(survivor), O=old, HS=humongous(starts), HC=humongous(continues), CS=collection set, F=free, A=archive, TAMS=top-at-mark-start (previous, next)
|   0|0x0000000083400000, 0x0000000083500000, 0x0000000083500000|100%|HS|  |TAMS 0x0000000083500000, 0x0000000083400000| Complete 
|   1|0x0000000083500000, 0x0000000083600000, 0x0000000083600000|100%| O|  |TAMS 0x0000000083600000, 0x0000000083500000| Untracked 
|   2|0x0000000083600000, 0x0000000083700000, 0x0000000083700000|100%| O|  |TAMS 0x0000000083700000, 0x0000000083600000| Untracked 
|   3|0x0000000083700000, 0x0000000083800000, 0x0000000083800000|100%| O|  |TAMS 0x0000000083800000, 0x0000000083700000| Untracked 
|   4|0x0000000083800000, 0x0000000083900000, 0x0000000083900000|100%| O|  |TAMS 0x0000000083900000, 0x0000000083800000| Untracked 
|   5|0x0000000083900000, 0x0000000083a00000, 0x0000000083a00000|100%| O|  |TAMS 0x0000000083a00000, 0x0000000083900000| Untracked 
|   6|0x0000000083a00000, 0x0000000083b00000, 0x0000000083b00000|100%| O|  |TAMS 0x0000000083b00000, 0x0000000083a00000| Untracked 
|   7|0x0000000083b00000, 0x0000000083c00000, 0x0000000083c00000|100%| O|  |TAMS 0x0000000083c00000, 0x0000000083b00000| Untracked 
|   8|0x0000000083c00000, 0x0000000083d00000, 0x0000000083d00000|100%| O|  |TAMS 0x0000000083d00000, 0x0000000083c00000| Untracked 
|   9|0x0000000083d00000, 0x0000000083e00000, 0x0000000083e00000|100%| O|  |TAMS 0x0000000083e00000, 0x0000000083d00000| Untracked 
|  10|0x0000000083e00000, 0x0000000083f00000, 0x0000000083f00000|100%| O|  |TAMS 0x0000000083f00000, 0x0000000083e00000| Untracked 
|  11|0x0000000083f00000, 0x0000000084000000, 0x0000000084000000|100%| O|  |TAMS 0x0000000084000000, 0x0000000083f00000| Untracked 
|  12|0x0000000084000000, 0x0000000084100000, 0x0000000084100000|100%| O|  |TAMS 0x0000000084100000, 0x0000000084000000| Untracked 
|  13|0x0000000084100000, 0x0000000084200000, 0x0000000084200000|100%| O|  |TAMS 0x0000000084200000, 0x0000000084100000| Untracked 
|  14|0x0000000084200000, 0x0000000084300000, 0x0000000084300000|100%| O|  |TAMS 0x0000000084300000, 0x0000000084200000| Untracked 
|  15|0x0000000084300000, 0x0000000084400000, 0x0000000084400000|100%| O|  |TAMS 0x0000000084400000, 0x0000000084300000| Untracked 
|  16|0x0000000084400000, 0x0000000084500000, 0x0000000084500000|100%| O|  |TAMS 0x0000000084500000, 0x0000000084400000| Untracked 
|  17|0x0000000084500000, 0x0000000084600000, 0x0000000084600000|100%| O|  |TAMS 0x0000000084600000, 0x0000000084500000| Untracked 
|  18|0x0000000084600000, 0x0000000084700000, 0x0000000084700000|100%| O|  |TAMS 0x00000000846f0600, 0x0000000084600000| Untracked 
|  19|0x0000000084700000, 0x0000000084800000, 0x0000000084800000|100%| O|  |TAMS 0x0000000084700000, 0x0000000084700000| Untracked 
|  20|0x0000000084800000, 0x0000000084900000, 0x0000000084900000|100%| O|  |TAMS 0x0000000084800000, 0x0000000084800000| Untracked 
|  21|0x0000000084900000, 0x0000000084a00000, 0x0000000084a00000|100%| O|  |TAMS 0x0000000084900000, 0x0000000084900000| Untracked 
|  22|0x0000000084a00000, 0x0000000084b00000, 0x0000000084b00000|100%| O|  |TAMS 0x0000000084a00000, 0x0000000084a00000| Untracked 
|  23|0x0000000084b00000, 0x0000000084c00000, 0x0000000084c00000|100%| O|  |TAMS 0x0000000084b00000, 0x0000000084b00000| Untracked 
|  24|0x0000000084c00000, 0x0000000084d00000, 0x0000000084d00000|100%| O|  |TAMS 0x0000000084c00000, 0x0000000084c00000| Untracked 
|  25|0x0000000084d00000, 0x0000000084e00000, 0x0000000084e00000|100%| O|  |TAMS 0x0000000084d00000, 0x0000000084d00000| Untracked 
|  26|0x0000000084e00000, 0x0000000084f00000, 0x0000000084f00000|100%| O|  |TAMS 0x0000000084e00000, 0x0000000084e00000| Untracked 
|  27|0x0000000084f00000, 0x0000000085000000, 0x0000000085000000|100%| O|  |TAMS 0x0000000084f00000, 0x0000000084f00000| Untracked 
|  28|0x0000000085000000, 0x0000000085100000, 0x0000000085100000|100%| O|  |TAMS 0x0000000085000000, 0x0000000085000000| Untracked 
|  29|0x0000000085100000, 0x0000000085200000, 0x0000000085200000|100%| O|  |TAMS 0x0000000085100000, 0x0000000085100000| Untracked 
|  30|0x0000000085200000, 0x0000000085300000, 0x0000000085300000|100%| O|  |TAMS 0x0000000085200000, 0x0000000085200000| Untracked 
|  31|0x0000000085300000, 0x0000000085368600, 0x0000000085400000| 40%| O|  |TAMS 0x0000000085300000, 0x0000000085300000| Untracked 
|  32|0x0000000085400000, 0x0000000085400000, 0x0000000085500000|  0%| F|  |TAMS 0x0000000085400000, 0x0000000085400000| Untracked 
|  33|0x0000000085500000, 0x0000000085500000, 0x0000000085600000|  0%| F|  |TAMS 0x0000000085500000, 0x0000000085500000| Untracked 
|  34|0x0000000085600000, 0x0000000085600000, 0x0000000085700000|  0%| F|  |TAMS 0x0000000085600000, 0x0000000085600000| Untracked 
|  35|0x0000000085700000, 0x0000000085700000, 0x0000000085800000|  0%| F|  |TAMS 0x0000000085700000, 0x0000000085700000| Untracked 
|  36|0x0000000085800000, 0x0000000085800000, 0x0000000085900000|  0%| F|  |TAMS 0x0000000085800000, 0x0000000085800000| Untracked 
|  37|0x0000000085900000, 0x0000000085900000, 0x0000000085a00000|  0%| F|  |TAMS 0x0000000085900000, 0x0000000085900000| Untracked 
|  38|0x0000000085a00000, 0x0000000085a00000, 0x0000000085b00000|  0%| F|  |TAMS 0x0000000085a00000, 0x0000000085a00000| Untracked 
|  39|0x0000000085b00000, 0x0000000085b00000, 0x0000000085c00000|  0%| F|  |TAMS 0x0000000085b00000, 0x0000000085b00000| Untracked 
|  40|0x0000000085c00000, 0x0000000085c00000, 0x0000000085d00000|  0%| F|  |TAMS 0x0000000085c00000, 0x0000000085c00000| Untracked 
|  41|0x0000000085d00000, 0x0000000085d00000, 0x0000000085e00000|  0%| F|  |TAMS 0x0000000085d00000, 0x0000000085d00000| Untracked 
|  42|0x0000000085e00000, 0x0000000085e00000, 0x0000000085f00000|  0%| F|  |TAMS 0x0000000085e00000, 0x0000000085e00000| Untracked 
|  43|0x0000000085f00000, 0x0000000085f00000, 0x0000000086000000|  0%| F|  |TAMS 0x0000000085f00000, 0x0000000085f00000| Untracked 
|  44|0x0000000086000000, 0x0000000086000000, 0x0000000086100000|  0%| F|  |TAMS 0x0000000086000000, 0x0000000086000000| Untracked 
|  45|0x0000000086100000, 0x0000000086100000, 0x0000000086200000|  0%| F|  |TAMS 0x0000000086100000, 0x0000000086100000| Untracked 
|  46|0x0000000086200000, 0x0000000086200000, 0x0000000086300000|  0%| F|  |TAMS 0x0000000086200000, 0x0000000086200000| Untracked 
|  47|0x0000000086300000, 0x0000000086300000, 0x0000000086400000|  0%| F|  |TAMS 0x0000000086300000, 0x0000000086300000| Untracked 
|  48|0x0000000086400000, 0x0000000086400000, 0x0000000086500000|  0%| F|  |TAMS 0x0000000086400000, 0x0000000086400000| Untracked 
|  49|0x0000000086500000, 0x0000000086500000, 0x0000000086600000|  0%| F|  |TAMS 0x0000000086500000, 0x0000000086500000| Untracked 
|  50|0x0000000086600000, 0x0000000086600000, 0x0000000086700000|  0%| F|  |TAMS 0x0000000086600000, 0x0000000086600000| Untracked 
|  51|0x0000000086700000, 0x0000000086700000, 0x0000000086800000|  0%| F|  |TAMS 0x0000000086700000, 0x0000000086700000| Untracked 
|  52|0x0000000086800000, 0x0000000086800000, 0x0000000086900000|  0%| F|  |TAMS 0x0000000086800000, 0x0000000086800000| Untracked 
|  53|0x0000000086900000, 0x0000000086900000, 0x0000000086a00000|  0%| F|  |TAMS 0x0000000086900000, 0x0000000086900000| Untracked 
|  54|0x0000000086a00000, 0x0000000086a00000, 0x0000000086b00000|  0%| F|  |TAMS 0x0000000086a00000, 0x0000000086a00000| Untracked 
|  55|0x0000000086b00000, 0x0000000086b00000, 0x0000000086c00000|  0%| F|  |TAMS 0x0000000086b00000, 0x0000000086b00000| Untracked 
|  56|0x0000000086c00000, 0x0000000086c00000, 0x0000000086d00000|  0%| F|  |TAMS 0x0000000086c00000, 0x0000000086c00000| Untracked 
|  57|0x0000000086d00000, 0x0000000086d00000, 0x0000000086e00000|  0%| F|  |TAMS 0x0000000086d00000, 0x0000000086d00000| Untracked 
|  58|0x0000000086e00000, 0x0000000086e00000, 0x0000000086f00000|  0%| F|  |TAMS 0x0000000086e00000, 0x0000000086e00000| Untracked 
|  59|0x0000000086f00000, 0x0000000086f00000, 0x0000000087000000|  0%| F|  |TAMS 0x0000000086f00000, 0x0000000086f00000| Untracked 
|  60|0x0000000087000000, 0x0000000087000000, 0x0000000087100000|  0%| F|  |TAMS 0x0000000087000000, 0x0000000087000000| Untracked 
|  61|0x0000000087100000, 0x0000000087116ad0, 0x0000000087200000|  8%| S|CS|TAMS 0x0000000087100000, 0x0000000087100000| Complete 
|  62|0x0000000087200000, 0x0000000087200000, 0x0000000087300000|  0%| F|  |TAMS 0x0000000087200000, 0x0000000087200000| Untracked 
|  63|0x0000000087300000, 0x0000000087300000, 0x0000000087400000|  0%| F|  |TAMS 0x0000000087300000, 0x0000000087300000| Untracked 
|  64|0x0000000087400000, 0x0000000087400000, 0x0000000087500000|  0%| F|  |TAMS 0x0000000087400000, 0x0000000087400000| Untracked 
|  65|0x0000000087500000, 0x0000000087500000, 0x0000000087600000|  0%| F|  |TAMS 0x0000000087500000, 0x0000000087500000| Untracked 
|  66|0x0000000087600000, 0x0000000087600000, 0x0000000087700000|  0%| F|  |TAMS 0x0000000087600000, 0x0000000087600000| Untracked 
|  67|0x0000000087700000, 0x0000000087700000, 0x0000000087800000|  0%| F|  |TAMS 0x0000000087700000, 0x0000000087700000| Untracked 
|  68|0x0000000087800000, 0x0000000087800000, 0x0000000087900000|  0%| F|  |TAMS 0x0000000087800000, 0x0000000087800000| Untracked 
|  69|0x0000000087900000, 0x0000000087900000, 0x0000000087a00000|  0%| F|  |TAMS 0x0000000087900000, 0x0000000087900000| Untracked 
|  70|0x0000000087a00000, 0x0000000087a00000, 0x0000000087b00000|  0%| F|  |TAMS 0x0000000087a00000, 0x0000000087a00000| Untracked 
|  71|0x0000000087b00000, 0x0000000087b00000, 0x0000000087c00000|  0%| F|  |TAMS 0x0000000087b00000, 0x0000000087b00000| Untracked 
|  72|0x0000000087c00000, 0x0000000087c00000, 0x0000000087d00000|  0%| F|  |TAMS 0x0000000087c00000, 0x0000000087c00000| Untracked 
|  73|0x0000000087d00000, 0x0000000087d00000, 0x0000000087e00000|  0%| F|  |TAMS 0x0000000087d00000, 0x0000000087d00000| Untracked 
|  74|0x0000000087e00000, 0x0000000087e00000, 0x0000000087f00000|  0%| F|  |TAMS 0x0000000087e00000, 0x0000000087e00000| Untracked 
|  75|0x0000000087f00000, 0x0000000087f00000, 0x0000000088000000|  0%| F|  |TAMS 0x0000000087f00000, 0x0000000087f00000| Untracked 
|  76|0x0000000088000000, 0x0000000088000000, 0x0000000088100000|  0%| F|  |TAMS 0x0000000088000000, 0x0000000088000000| Untracked 
|  77|0x0000000088100000, 0x0000000088100000, 0x0000000088200000|  0%| F|  |TAMS 0x0000000088100000, 0x0000000088100000| Untracked 
|  78|0x0000000088200000, 0x0000000088200000, 0x0000000088300000|  0%| F|  |TAMS 0x0000000088200000, 0x0000000088200000| Untracked 
|  79|0x0000000088300000, 0x0000000088300000, 0x0000000088400000|  0%| F|  |TAMS 0x0000000088300000, 0x0000000088300000| Untracked 
|  80|0x0000000088400000, 0x0000000088400000, 0x0000000088500000|  0%| F|  |TAMS 0x0000000088400000, 0x0000000088400000| Untracked 
|  81|0x0000000088500000, 0x0000000088500000, 0x0000000088600000|  0%| F|  |TAMS 0x0000000088500000, 0x0000000088500000| Untracked 
|  82|0x0000000088600000, 0x0000000088600000, 0x0000000088700000|  0%| F|  |TAMS 0x0000000088600000, 0x0000000088600000| Untracked 
|  83|0x0000000088700000, 0x0000000088700000, 0x0000000088800000|  0%| F|  |TAMS 0x0000000088700000, 0x0000000088700000| Untracked 
|  84|0x0000000088800000, 0x0000000088800000, 0x0000000088900000|  0%| F|  |TAMS 0x0000000088800000, 0x0000000088800000| Untracked 
|  85|0x0000000088900000, 0x0000000088900000, 0x0000000088a00000|  0%| F|  |TAMS 0x0000000088900000, 0x0000000088900000| Untracked 
|  86|0x0000000088a00000, 0x0000000088a00000, 0x0000000088b00000|  0%| F|  |TAMS 0x0000000088a00000, 0x0000000088a00000| Untracked 
|  87|0x0000000088b00000, 0x0000000088b00000, 0x0000000088c00000|  0%| F|  |TAMS 0x0000000088b00000, 0x0000000088b00000| Untracked 
|  88|0x0000000088c00000, 0x0000000088c00000, 0x0000000088d00000|  0%| F|  |TAMS 0x0000000088c00000, 0x0000000088c00000| Untracked 
|  89|0x0000000088d00000, 0x0000000088d00000, 0x0000000088e00000|  0%| F|  |TAMS 0x0000000088d00000, 0x0000000088d00000| Untracked 
|  90|0x0000000088e00000, 0x0000000088e00000, 0x0000000088f00000|  0%| F|  |TAMS 0x0000000088e00000, 0x0000000088e00000| Untracked 
|  91|0x0000000088f00000, 0x0000000088f00000, 0x0000000089000000|  0%| F|  |TAMS 0x0000000088f00000, 0x0000000088f00000| Untracked 
|  92|0x0000000089000000, 0x0000000089000000, 0x0000000089100000|  0%| F|  |TAMS 0x0000000089000000, 0x0000000089000000| Untracked 
|  93|0x0000000089100000, 0x0000000089100000, 0x0000000089200000|  0%| F|  |TAMS 0x0000000089100000, 0x0000000089100000| Untracked 
|  94|0x0000000089200000, 0x0000000089200000, 0x0000000089300000|  0%| F|  |TAMS 0x0000000089200000, 0x0000000089200000| Untracked 
|  95|0x0000000089300000, 0x0000000089300000, 0x0000000089400000|  0%| F|  |TAMS 0x0000000089300000, 0x0000000089300000| Untracked 
|  96|0x0000000089400000, 0x0000000089400000, 0x0000000089500000|  0%| F|  |TAMS 0x0000000089400000, 0x0000000089400000| Untracked 
|  97|0x0000000089500000, 0x0000000089500000, 0x0000000089600000|  0%| F|  |TAMS 0x0000000089500000, 0x0000000089500000| Untracked 
|  98|0x0000000089600000, 0x0000000089600000, 0x0000000089700000|  0%| F|  |TAMS 0x0000000089600000, 0x0000000089600000| Untracked 
|  99|0x0000000089700000, 0x0000000089700000, 0x0000000089800000|  0%| F|  |TAMS 0x0000000089700000, 0x0000000089700000| Untracked 
| 100|0x0000000089800000, 0x0000000089800000, 0x0000000089900000|  0%| F|  |TAMS 0x0000000089800000, 0x0000000089800000| Untracked 
| 101|0x0000000089900000, 0x0000000089900000, 0x0000000089a00000|  0%| F|  |TAMS 0x0000000089900000, 0x0000000089900000| Untracked 
| 102|0x0000000089a00000, 0x0000000089a00000, 0x0000000089b00000|  0%| F|  |TAMS 0x0000000089a00000, 0x0000000089a00000| Untracked 
| 103|0x0000000089b00000, 0x0000000089b00000, 0x0000000089c00000|  0%| F|  |TAMS 0x0000000089b00000, 0x0000000089b00000| Untracked 
| 104|0x0000000089c00000, 0x0000000089c00000, 0x0000000089d00000|  0%| F|  |TAMS 0x0000000089c00000, 0x0000000089c00000| Untracked 
| 105|0x0000000089d00000, 0x0000000089d00000, 0x0000000089e00000|  0%| F|  |TAMS 0x0000000089d00000, 0x0000000089d00000| Untracked 
| 106|0x0000000089e00000, 0x0000000089e00000, 0x0000000089f00000|  0%| F|  |TAMS 0x0000000089e00000, 0x0000000089e00000| Untracked 
| 107|0x0000000089f00000, 0x0000000089f00000, 0x000000008a000000|  0%| F|  |TAMS 0x0000000089f00000, 0x0000000089f00000| Untracked 
| 108|0x000000008a000000, 0x000000008a000000, 0x000000008a100000|  0%| F|  |TAMS 0x000000008a000000, 0x000000008a000000| Untracked 
| 109|0x000000008a100000, 0x000000008a100000, 0x000000008a200000|  0%| F|  |TAMS 0x000000008a100000, 0x000000008a100000| Untracked 
| 110|0x000000008a200000, 0x000000008a200000, 0x000000008a300000|  0%| F|  |TAMS 0x000000008a200000, 0x000000008a200000| Untracked 
| 111|0x000000008a300000, 0x000000008a300000, 0x000000008a400000|  0%| F|  |TAMS 0x000000008a300000, 0x000000008a300000| Untracked 
| 112|0x000000008a400000, 0x000000008a400000, 0x000000008a500000|  0%| F|  |TAMS 0x000000008a400000, 0x000000008a400000| Untracked 
| 113|0x000000008a500000, 0x000000008a500000, 0x000000008a600000|  0%| F|  |TAMS 0x000000008a500000, 0x000000008a500000| Untracked 
| 114|0x000000008a600000, 0x000000008a600000, 0x000000008a700000|  0%| F|  |TAMS 0x000000008a600000, 0x000000008a600000| Untracked 
| 115|0x000000008a700000, 0x000000008a700000, 0x000000008a800000|  0%| F|  |TAMS 0x000000008a700000, 0x000000008a700000| Untracked 
| 116|0x000000008a800000, 0x000000008a800000, 0x000000008a900000|  0%| F|  |TAMS 0x000000008a800000, 0x000000008a800000| Untracked 
| 117|0x000000008a900000, 0x000000008a92f668, 0x000000008aa00000| 18%| E|  |TAMS 0x000000008a900000, 0x000000008a900000| Complete 
| 118|0x000000008aa00000, 0x000000008ab00000, 0x000000008ab00000|100%| E|CS|TAMS 0x000000008aa00000, 0x000000008aa00000| Complete 
| 119|0x000000008ab00000, 0x000000008ac00000, 0x000000008ac00000|100%| E|CS|TAMS 0x000000008ab00000, 0x000000008ab00000| Complete 
| 120|0x000000008ac00000, 0x000000008ad00000, 0x000000008ad00000|100%| E|CS|TAMS 0x000000008ac00000, 0x000000008ac00000| Complete 
| 121|0x000000008ad00000, 0x000000008ae00000, 0x000000008ae00000|100%| E|CS|TAMS 0x000000008ad00000, 0x000000008ad00000| Complete 
| 122|0x000000008ae00000, 0x000000008af00000, 0x000000008af00000|100%| E|CS|TAMS 0x000000008ae00000, 0x000000008ae00000| Complete 
| 123|0x000000008af00000, 0x000000008b000000, 0x000000008b000000|100%| E|CS|TAMS 0x000000008af00000, 0x000000008af00000| Complete 
| 124|0x000000008b000000, 0x000000008b100000, 0x000000008b100000|100%| E|CS|TAMS 0x000000008b000000, 0x000000008b000000| Complete 
| 125|0x000000008b100000, 0x000000008b200000, 0x000000008b200000|100%| E|CS|TAMS 0x000000008b100000, 0x000000008b100000| Complete 
| 126|0x000000008b200000, 0x000000008b300000, 0x000000008b300000|100%| E|CS|TAMS 0x000000008b200000, 0x000000008b200000| Complete 
| 127|0x000000008b300000, 0x000000008b400000, 0x000000008b400000|100%| E|CS|TAMS 0x000000008b300000, 0x000000008b300000| Complete 
| 128|0x000000008b400000, 0x000000008b500000, 0x000000008b500000|100%| E|CS|TAMS 0x000000008b400000, 0x000000008b400000| Complete 
| 129|0x000000008b500000, 0x000000008b600000, 0x000000008b600000|100%| E|CS|TAMS 0x000000008b500000, 0x000000008b500000| Complete 
| 130|0x000000008b600000, 0x000000008b700000, 0x000000008b700000|100%| E|CS|TAMS 0x000000008b600000, 0x000000008b600000| Complete 
| 131|0x000000008b700000, 0x000000008b800000, 0x000000008b800000|100%| E|CS|TAMS 0x000000008b700000, 0x000000008b700000| Complete 
| 132|0x000000008b800000, 0x000000008b900000, 0x000000008b900000|100%| E|CS|TAMS 0x000000008b800000, 0x000000008b800000| Complete 
| 133|0x000000008b900000, 0x000000008ba00000, 0x000000008ba00000|100%| E|CS|TAMS 0x000000008b900000, 0x000000008b900000| Complete 
| 134|0x000000008ba00000, 0x000000008bb00000, 0x000000008bb00000|100%| E|CS|TAMS 0x000000008ba00000, 0x000000008ba00000| Complete 
| 135|0x000000008bb00000, 0x000000008bc00000, 0x000000008bc00000|100%| E|CS|TAMS 0x000000008bb00000, 0x000000008bb00000| Complete 
| 136|0x000000008bc00000, 0x000000008bd00000, 0x000000008bd00000|100%| E|CS|TAMS 0x000000008bc00000, 0x000000008bc00000| Complete 
| 137|0x000000008bd00000, 0x000000008be00000, 0x000000008be00000|100%| E|CS|TAMS 0x000000008bd00000, 0x000000008bd00000| Complete 
| 138|0x000000008be00000, 0x000000008bf00000, 0x000000008bf00000|100%| E|CS|TAMS 0x000000008be00000, 0x000000008be00000| Complete 
| 139|0x000000008bf00000, 0x000000008c000000, 0x000000008c000000|100%| E|CS|TAMS 0x000000008bf00000, 0x000000008bf00000| Complete 
| 140|0x000000008c000000, 0x000000008c100000, 0x000000008c100000|100%| E|CS|TAMS 0x000000008c000000, 0x000000008c000000| Complete 
| 141|0x000000008c100000, 0x000000008c200000, 0x000000008c200000|100%| E|CS|TAMS 0x000000008c100000, 0x000000008c100000| Complete 
| 142|0x000000008c200000, 0x000000008c300000, 0x000000008c300000|100%| E|CS|TAMS 0x000000008c200000, 0x000000008c200000| Complete 
| 143|0x000000008c300000, 0x000000008c400000, 0x000000008c400000|100%| E|CS|TAMS 0x000000008c300000, 0x000000008c300000| Complete 
| 144|0x000000008c400000, 0x000000008c500000, 0x000000008c500000|100%| E|CS|TAMS 0x000000008c400000, 0x000000008c400000| Complete 
| 145|0x000000008c500000, 0x000000008c600000, 0x000000008c600000|100%| E|CS|TAMS 0x000000008c500000, 0x000000008c500000| Complete 
| 146|0x000000008c600000, 0x000000008c700000, 0x000000008c700000|100%| E|CS|TAMS 0x000000008c600000, 0x000000008c600000| Complete 
| 147|0x000000008c700000, 0x000000008c800000, 0x000000008c800000|100%| E|CS|TAMS 0x000000008c700000, 0x000000008c700000| Complete 
| 148|0x000000008c800000, 0x000000008c900000, 0x000000008c900000|100%| E|CS|TAMS 0x000000008c800000, 0x000000008c800000| Complete 
| 149|0x000000008c900000, 0x000000008ca00000, 0x000000008ca00000|100%| E|CS|TAMS 0x000000008c900000, 0x000000008c900000| Complete 
| 150|0x000000008ca00000, 0x000000008cb00000, 0x000000008cb00000|100%| E|CS|TAMS 0x000000008ca00000, 0x000000008ca00000| Complete 
| 151|0x000000008cb00000, 0x000000008cc00000, 0x000000008cc00000|100%| E|CS|TAMS 0x000000008cb00000, 0x000000008cb00000| Complete 

Card table byte_map: [0x00000225f8400000,0x00000225f87f0000] _byte_map_base: 0x00000225f7fe6000

Marking Bits (Prev, Next): (CMBitMap*) 0x00000225f7c4e660, (CMBitMap*) 0x00000225f7c4e628
 Prev Bits: [0x00000225fab10000, 0x00000225fca40000)
 Next Bits: [0x00000225f8be0000, 0x00000225fab10000)

Polling page: 0x00000225f5ba0000

Metaspace:

Usage:
  Non-class:     70.92 MB capacity,    69.58 MB ( 98%) used,     1.06 MB (  1%) free+waste,   292.94 KB ( <1%) overhead. 
      Class:     10.55 MB capacity,     9.66 MB ( 92%) used,   780.26 KB (  7%) free+waste,   135.13 KB (  1%) overhead. 
       Both:     81.47 MB capacity,    79.23 MB ( 97%) used,     1.82 MB (  2%) free+waste,   428.06 KB ( <1%) overhead. 

Virtual space:
  Non-class space:       72.00 MB reserved,      71.00 MB ( 99%) committed 
      Class space:        1.00 GB reserved,      10.57 MB (  1%) committed 
             Both:        1.07 GB reserved,      81.57 MB (  7%) committed 

Chunk freelists:
   Non-Class:  15.00 KB
       Class:  13.00 KB
        Both:  28.00 KB

MaxMetaspaceSize: 17179869184.00 GB
CompressedClassSpaceSize: 1.00 GB
Initial GC threshold: 20.80 MB
Current GC threshold: 98.67 MB
CDS: off

CodeHeap 'non-profiled nmethods': size=120000Kb used=11747Kb max_used=11747Kb free=108252Kb
 bounds [0x0000022590110000, 0x0000022590c90000, 0x0000022597640000]
CodeHeap 'profiled nmethods': size=120000Kb used=25713Kb max_used=27228Kb free=94286Kb
 bounds [0x0000022588be0000, 0x000002258a6d0000, 0x0000022590110000]
CodeHeap 'non-nmethods': size=5760Kb used=1340Kb max_used=1436Kb free=4419Kb
 bounds [0x0000022588640000, 0x00000225888b0000, 0x0000022588be0000]
 total_blobs=12419 nmethods=11781 adapters=548
 compilation: enabled
              stopped_count=0, restarted_count=0
 full_count=0

Compilation events (20 events):
Event: 491.841 Thread 0x00000225ff4cd800 nmethod 12511 0x0000022588f41690 code [0x0000022588f419c0, 0x0000022588f42958]
Event: 492.578 Thread 0x00000225ff4c8000 12514       4       java.nio.ByteBuffer::clear (5 bytes)
Event: 492.578 Thread 0x00000225ff4c8000 nmethod 12514 0x0000022590c86790 code [0x0000022590c86920, 0x0000022590c86998]
Event: 493.021 Thread 0x00000225ff4cd800 12515       3       sun.nio.ch.WindowsSelectorImpl$FdMap::put (23 bytes)
Event: 493.022 Thread 0x00000225ff4cd800 nmethod 12515 0x0000022588f72110 code [0x0000022588f72360, 0x0000022588f72d48]
Event: 493.022 Thread 0x00000225ff4cd800 12516       3       sun.nio.ch.WindowsSelectorImpl$MapEntry::<init> (15 bytes)
Event: 493.022 Thread 0x00000225ff4cd800 nmethod 12516 0x0000022588f10b10 code [0x0000022588f10cc0, 0x0000022588f10e78]
Event: 493.118 Thread 0x00000225ff4cd800 12517       3       java.text.DateFormatSymbols::copyMembers (160 bytes)
Event: 493.119 Thread 0x00000225ff4cd800 nmethod 12517 0x0000022588c15a10 code [0x0000022588c15ce0, 0x0000022588c16c28]
Event: 496.587 Thread 0x00000225ff4c8000 12518 % !   4       org.apache.tomcat.util.net.NioEndpoint$Poller::run @ 0 (260 bytes)
Event: 496.643 Thread 0x00000225ff4c8000 nmethod 12518% 0x0000022590c86a90 code [0x0000022590c86d20, 0x0000022590c87e50]
Event: 498.337 Thread 0x00000225ff4cd800 12519       3       sun.util.locale.provider.DateFormatSymbolsProviderImpl::getInstance (21 bytes)
Event: 498.338 Thread 0x00000225ff4cd800 nmethod 12519 0x0000022588d81a10 code [0x0000022588d81be0, 0x0000022588d81e78]
Event: 499.338 Thread 0x00000225ff4cd800 12520   !   3       sun.util.locale.provider.JRELocaleProviderAdapter::getDateFormatSymbolsProvider (51 bytes)
Event: 499.339 Thread 0x00000225ff4cd800 nmethod 12520 0x000002258919a990 code [0x000002258919aba0, 0x000002258919b488]
Event: 499.339 Thread 0x00000225ff4cd800 12521       1       java.util.TimeZone::getID (5 bytes)
Event: 499.339 Thread 0x00000225ff4cd800 nmethod 12521 0x0000022590c88b10 code [0x0000022590c88cc0, 0x0000022590c88d78]
Event: 500.340 Thread 0x00000225ff4cd800 12522       3       java.text.DateFormatSymbols::initializeData (317 bytes)
Event: 500.344 Thread 0x00000225ff4cd800 nmethod 12522 0x0000022589116a10 code [0x0000022589116f80, 0x000002258911a018]
Event: 508.003 Thread 0x00000225ff4c8000 12523 % !   4       org.hibernate.internal.util.collections.BoundedConcurrentHashMap$LIRS::execute @ 16 (79 bytes)

GC Heap History (20 events):
Event: 500.276 GC heap before
{Heap before GC invocations=78 (full 0):
 garbage-first heap   total 155648K, used 124354K [0x0000000083400000, 0x0000000100000000)
  region size 1024K, 91 young (93184K), 1 survivors (1024K)
 Metaspace       used 81124K, capacity 83428K, committed 83532K, reserved 1122304K
  class space    used 9887K, capacity 10803K, committed 10828K, reserved 1048576K
}
Event: 500.277 GC heap after
{Heap after GC invocations=79 (full 0):
 garbage-first heap   total 155648K, used 32202K [0x0000000083400000, 0x0000000100000000)
  region size 1024K, 1 young (1024K), 1 survivors (1024K)
 Metaspace       used 81124K, capacity 83428K, committed 83532K, reserved 1122304K
  class space    used 9887K, capacity 10803K, committed 10828K, reserved 1048576K
}
Event: 501.098 GC heap before
{Heap before GC invocations=79 (full 0):
 garbage-first heap   total 155648K, used 124362K [0x0000000083400000, 0x0000000100000000)
  region size 1024K, 91 young (93184K), 1 survivors (1024K)
 Metaspace       used 81133K, capacity 83428K, committed 83532K, reserved 1122304K
  class space    used 9887K, capacity 10803K, committed 10828K, reserved 1048576K
}
Event: 501.099 GC heap after
{Heap after GC invocations=80 (full 0):
 garbage-first heap   total 155648K, used 32223K [0x0000000083400000, 0x0000000100000000)
  region size 1024K, 1 young (1024K), 1 survivors (1024K)
 Metaspace       used 81133K, capacity 83428K, committed 83532K, reserved 1122304K
  class space    used 9887K, capacity 10803K, committed 10828K, reserved 1048576K
}
Event: 501.838 GC heap before
{Heap before GC invocations=80 (full 0):
 garbage-first heap   total 155648K, used 124383K [0x0000000083400000, 0x0000000100000000)
  region size 1024K, 91 young (93184K), 1 survivors (1024K)
 Metaspace       used 81133K, capacity 83428K, committed 83532K, reserved 1122304K
  class space    used 9887K, capacity 10803K, committed 10828K, reserved 1048576K
}
Event: 501.839 GC heap after
{Heap after GC invocations=81 (full 0):
 garbage-first heap   total 155648K, used 32217K [0x0000000083400000, 0x0000000100000000)
  region size 1024K, 1 young (1024K), 1 survivors (1024K)
 Metaspace       used 81133K, capacity 83428K, committed 83532K, reserved 1122304K
  class space    used 9887K, capacity 10803K, committed 10828K, reserved 1048576K
}
Event: 502.616 GC heap before
{Heap before GC invocations=81 (full 0):
 garbage-first heap   total 155648K, used 124377K [0x0000000083400000, 0x0000000100000000)
  region size 1024K, 91 young (93184K), 1 survivors (1024K)
 Metaspace       used 81133K, capacity 83428K, committed 83532K, reserved 1122304K
  class space    used 9887K, capacity 10803K, committed 10828K, reserved 1048576K
}
Event: 502.617 GC heap after
{Heap after GC invocations=82 (full 0):
 garbage-first heap   total 155648K, used 32225K [0x0000000083400000, 0x0000000100000000)
  region size 1024K, 1 young (1024K), 1 survivors (1024K)
 Metaspace       used 81133K, capacity 83428K, committed 83532K, reserved 1122304K
  class space    used 9887K, capacity 10803K, committed 10828K, reserved 1048576K
}
Event: 503.712 GC heap before
{Heap before GC invocations=82 (full 0):
 garbage-first heap   total 155648K, used 124385K [0x0000000083400000, 0x0000000100000000)
  region size 1024K, 91 young (93184K), 1 survivors (1024K)
 Metaspace       used 81133K, capacity 83428K, committed 83532K, reserved 1122304K
  class space    used 9887K, capacity 10803K, committed 10828K, reserved 1048576K
}
Event: 503.712 GC heap after
{Heap after GC invocations=83 (full 0):
 garbage-first heap   total 155648K, used 32206K [0x0000000083400000, 0x0000000100000000)
  region size 1024K, 1 young (1024K), 1 survivors (1024K)
 Metaspace       used 81133K, capacity 83428K, committed 83532K, reserved 1122304K
  class space    used 9887K, capacity 10803K, committed 10828K, reserved 1048576K
}
Event: 504.811 GC heap before
{Heap before GC invocations=83 (full 0):
 garbage-first heap   total 155648K, used 124366K [0x0000000083400000, 0x0000000100000000)
  region size 1024K, 91 young (93184K), 1 survivors (1024K)
 Metaspace       used 81133K, capacity 83428K, committed 83532K, reserved 1122304K
  class space    used 9887K, capacity 10803K, committed 10828K, reserved 1048576K
}
Event: 504.812 GC heap after
{Heap after GC invocations=84 (full 0):
 garbage-first heap   total 155648K, used 32215K [0x0000000083400000, 0x0000000100000000)
  region size 1024K, 1 young (1024K), 1 survivors (1024K)
 Metaspace       used 81133K, capacity 83428K, committed 83532K, reserved 1122304K
  class space    used 9887K, capacity 10803K, committed 10828K, reserved 1048576K
}
Event: 505.507 GC heap before
{Heap before GC invocations=84 (full 0):
 garbage-first heap   total 155648K, used 124375K [0x0000000083400000, 0x0000000100000000)
  region size 1024K, 91 young (93184K), 1 survivors (1024K)
 Metaspace       used 81133K, capacity 83428K, committed 83532K, reserved 1122304K
  class space    used 9887K, capacity 10803K, committed 10828K, reserved 1048576K
}
Event: 505.507 GC heap after
{Heap after GC invocations=85 (full 0):
 garbage-first heap   total 155648K, used 32209K [0x0000000083400000, 0x0000000100000000)
  region size 1024K, 1 young (1024K), 1 survivors (1024K)
 Metaspace       used 81133K, capacity 83428K, committed 83532K, reserved 1122304K
  class space    used 9887K, capacity 10803K, committed 10828K, reserved 1048576K
}
Event: 506.577 GC heap before
{Heap before GC invocations=85 (full 0):
 garbage-first heap   total 155648K, used 124369K [0x0000000083400000, 0x0000000100000000)
  region size 1024K, 91 young (93184K), 1 survivors (1024K)
 Metaspace       used 81133K, capacity 83428K, committed 83532K, reserved 1122304K
  class space    used 9887K, capacity 10803K, committed 10828K, reserved 1048576K
}
Event: 506.578 GC heap after
{Heap after GC invocations=86 (full 0):
 garbage-first heap   total 155648K, used 32207K [0x0000000083400000, 0x0000000100000000)
  region size 1024K, 1 young (1024K), 1 survivors (1024K)
 Metaspace       used 81133K, capacity 83428K, committed 83532K, reserved 1122304K
  class space    used 9887K, capacity 10803K, committed 10828K, reserved 1048576K
}
Event: 507.357 GC heap before
{Heap before GC invocations=86 (full 0):
 garbage-first heap   total 155648K, used 124367K [0x0000000083400000, 0x0000000100000000)
  region size 1024K, 91 young (93184K), 1 survivors (1024K)
 Metaspace       used 81133K, capacity 83428K, committed 83532K, reserved 1122304K
  class space    used 9887K, capacity 10803K, committed 10828K, reserved 1048576K
}
Event: 507.357 GC heap after
{Heap after GC invocations=87 (full 0):
 garbage-first heap   total 155648K, used 32201K [0x0000000083400000, 0x0000000100000000)
  region size 1024K, 1 young (1024K), 1 survivors (1024K)
 Metaspace       used 81133K, capacity 83428K, committed 83532K, reserved 1122304K
  class space    used 9887K, capacity 10803K, committed 10828K, reserved 1048576K
}
Event: 507.916 GC heap before
{Heap before GC invocations=87 (full 0):
 garbage-first heap   total 155648K, used 124361K [0x0000000083400000, 0x0000000100000000)
  region size 1024K, 91 young (93184K), 1 survivors (1024K)
 Metaspace       used 81133K, capacity 83428K, committed 83532K, reserved 1122304K
  class space    used 9887K, capacity 10803K, committed 10828K, reserved 1048576K
}
Event: 507.917 GC heap after
{Heap after GC invocations=88 (full 0):
 garbage-first heap   total 155648K, used 32252K [0x0000000083400000, 0x0000000100000000)
  region size 1024K, 1 young (1024K), 1 survivors (1024K)
 Metaspace       used 81133K, capacity 83428K, committed 83532K, reserved 1122304K
  class space    used 9887K, capacity 10803K, committed 10828K, reserved 1048576K
}

Deoptimization events (20 events):
Event: 455.943 Thread 0x000002259ced6000 DEOPT PACKING pc=0x000002259089e928 sp=0x000000f30ddfce40
Event: 455.943 Thread 0x000002259ced6000 DEOPT UNPACKING pc=0x000002258868a1af sp=0x000000f30ddfcd68 mode 2
Event: 456.456 Thread 0x000002259b97e800 Uncommon trap: trap_request=0xffffff4d fr.pc=0x0000022590bad4c0 relative=0x0000000000000ae0
Event: 456.456 Thread 0x000002259b97e800 Uncommon trap: reason=unstable_if action=reinterpret pc=0x0000022590bad4c0 method=org.apache.catalina.core.StandardWrapperValve.invoke(Lorg/apache/catalina/connector/Request;Lorg/apache/catalina/connector/Response;)V @ 905 c2
Event: 456.456 Thread 0x000002259b97e800 DEOPT PACKING pc=0x0000022590bad4c0 sp=0x000000f30c8fe9f0
Event: 456.456 Thread 0x000002259b97e800 DEOPT UNPACKING pc=0x000002258868a1af sp=0x000000f30c8fe958 mode 2
Event: 462.767 Thread 0x000002259ced7000 Uncommon trap: trap_request=0xffffff4d fr.pc=0x0000022590b5f634 relative=0x00000000000027d4
Event: 462.767 Thread 0x000002259ced7000 Uncommon trap: reason=unstable_if action=reinterpret pc=0x0000022590b5f634 method=sun.nio.ch.WindowsSelectorImpl.wakeup()Ljava/nio/channels/Selector; @ 11 c2
Event: 462.767 Thread 0x000002259ced7000 DEOPT PACKING pc=0x0000022590b5f634 sp=0x000000f30b6fef50
Event: 462.767 Thread 0x000002259ced7000 DEOPT UNPACKING pc=0x000002258868a1af sp=0x000000f30b6fed50 mode 2
Event: 471.911 Thread 0x000002259ced6000 Uncommon trap: trap_request=0xffffff4d fr.pc=0x0000022590976be4 relative=0x0000000000001684
Event: 471.911 Thread 0x000002259ced6000 Uncommon trap: reason=unstable_if action=reinterpret pc=0x0000022590976be4 method=com.zaxxer.hikari.pool.HikariPool.getConnection(J)Ljava/sql/Connection; @ 67 c2
Event: 471.911 Thread 0x000002259ced6000 DEOPT PACKING pc=0x0000022590976be4 sp=0x000000f30ddfd010
Event: 471.911 Thread 0x000002259ced6000 DEOPT UNPACKING pc=0x000002258868a1af sp=0x000000f30ddfcc98 mode 2
Event: 471.911 Thread 0x000002259ced6000 Uncommon trap: trap_request=0xffffff4d fr.pc=0x00000225909d80c4 relative=0x0000000000000284
Event: 471.911 Thread 0x000002259ced6000 Uncommon trap: reason=unstable_if action=reinterpret pc=0x00000225909d80c4 method=com.mysql.cj.protocol.a.NativeProtocol.sendCommand(Lcom/mysql/cj/protocol/Message;ZI)Lcom/mysql/cj/protocol/a/NativePacketPayload; @ 59 c2
Event: 471.911 Thread 0x000002259ced6000 DEOPT PACKING pc=0x00000225909d80c4 sp=0x000000f30ddfc930
Event: 471.911 Thread 0x000002259ced6000 DEOPT UNPACKING pc=0x000002258868a1af sp=0x000000f30ddfc8b8 mode 2
Event: 500.386 Thread 0x000002259e415800 DEOPT PACKING pc=0x0000022588bfa226 sp=0x000000f30ceff3d0
Event: 500.386 Thread 0x000002259e415800 DEOPT UNPACKING pc=0x000002258868a95e sp=0x000000f30cefe8f8 mode 0

Classes redefined (0 events):
No events

Internal exceptions (20 events):
Event: 6.932 Thread 0x00000225f7c0c000 Exception <a 'java/lang/NoSuchMethodError'{0x000000008aa335d0}: 'java.lang.Object java.lang.invoke.DirectMethodHandle$Holder.invokeStatic(java.lang.Object, java.lang.Object, java.lang.Object, java.lang.Object, java.lang.Object, java.lang.Object, java.lang.Object, java.lang.Object, java.lang.Object, java.lang.Object, java.lang.Object, int, int)'> (0x000000008aa335d0) thrown at [./src/hotspot/share/interpreter/linkResolver.cpp, line 773]
Event: 6.933 Thread 0x00000225f7c0c000 Exception <a 'java/lang/NoSuchMethodError'{0x000000008aa52608}: 'java.lang.Object java.lang.invoke.DirectMethodHandle$Holder.invokeStatic(java.lang.Object, java.lang.Object, java.lang.Object, java.lang.Object, java.lang.Object, java.lang.Object, java.lang.Object, java.lang.Object, java.lang.Object, java.lang.Object, java.lang.Object, int, int, java.lang.Object)'> (0x000000008aa52608) thrown at [./src/hotspot/share/interpreter/linkResolver.cpp, line 773]
Event: 6.934 Thread 0x00000225f7c0c000 Exception <a 'java/lang/NoSuchMethodError'{0x000000008aa72d68}: 'java.lang.Object java.lang.invoke.DirectMethodHandle$Holder.invokeStatic(java.lang.Object, java.lang.Object, java.lang.Object, java.lang.Object, java.lang.Object, java.lang.Object, java.lang.Object, java.lang.Object, java.lang.Object, java.lang.Object, java.lang.Object, int, int, java.lang.Object, java.lang.Object)'> (0x000000008aa72d68) thrown at [./src/hotspot/share/interpreter/linkResolver.cpp, line 773]
Event: 6.936 Thread 0x00000225f7c0c000 Exception <a 'java/lang/ClassNotFoundException'{0x000000008aa93160}: org/springframework/boot/autoconfigure/security/oauth2/resource/OAuth2ResourceServerProperties$JwtBeanInfo> (0x000000008aa93160) thrown at [./src/hotspot/share/classfile/systemDictionary.cpp, line 231]
Event: 6.936 Thread 0x00000225f7c0c000 Exception <a 'java/lang/ClassNotFoundException'{0x000000008aa93f00}: java/lang/ObjectBeanInfo> (0x000000008aa93f00) thrown at [./src/hotspot/share/classfile/systemDictionary.cpp, line 231]
Event: 6.936 Thread 0x00000225f7c0c000 Exception <a 'java/lang/ClassNotFoundException'{0x000000008aa94c18}: java/lang/ObjectCustomizer> (0x000000008aa94c18) thrown at [./src/hotspot/share/classfile/systemDictionary.cpp, line 231]
Event: 6.936 Thread 0x00000225f7c0c000 Exception <a 'java/lang/ClassNotFoundException'{0x000000008aaad218}: org/springframework/boot/autoconfigure/security/oauth2/resource/OAuth2ResourceServerProperties$JwtCustomizer> (0x000000008aaad218) thrown at [./src/hotspot/share/classfile/systemDictionary.cpp, line 231]
Event: 6.943 Thread 0x00000225f7c0c000 Exception <a 'java/lang/ClassNotFoundException'{0x000000008a90ae30}: org/springframework/core/io/ResourceBeanInfo> (0x000000008a90ae30) thrown at [./src/hotspot/share/classfile/systemDictionary.cpp, line 231]
Event: 6.943 Thread 0x00000225f7c0c000 Exception <a 'java/lang/ClassNotFoundException'{0x000000008a917930}: org/springframework/core/io/ResourceCustomizer> (0x000000008a917930) thrown at [./src/hotspot/share/classfile/systemDictionary.cpp, line 231]
Event: 6.975 Thread 0x00000225f7c0c000 Exception <a 'java/lang/ClassNotFoundException'{0x000000008a7b7fc8}: com/example/AnnualLeave/model/UserBeanInfo> (0x000000008a7b7fc8) thrown at [./src/hotspot/share/classfile/systemDictionary.cpp, line 231]
Event: 6.975 Thread 0x00000225f7c0c000 Exception <a 'java/lang/ClassNotFoundException'{0x000000008a7c4708}: com/example/AnnualLeave/model/UserCustomizer> (0x000000008a7c4708) thrown at [./src/hotspot/share/classfile/systemDictionary.cpp, line 231]
Event: 6.976 Thread 0x00000225f7c0c000 Exception <a 'java/lang/ClassNotFoundException'{0x000000008a7de078}: java/util/SetBeanInfo> (0x000000008a7de078) thrown at [./src/hotspot/share/classfile/systemDictionary.cpp, line 231]
Event: 6.976 Thread 0x00000225f7c0c000 Exception <a 'java/lang/ClassNotFoundException'{0x000000008a7ded88}: java/util/SetCustomizer> (0x000000008a7ded88) thrown at [./src/hotspot/share/classfile/systemDictionary.cpp, line 231]
Event: 6.979 Thread 0x00000225f7c0c000 Exception <a 'java/lang/ClassNotFoundException'{0x000000008a6168c8}: com/example/AnnualLeave/model/RoleBeanInfo> (0x000000008a6168c8) thrown at [./src/hotspot/share/classfile/systemDictionary.cpp, line 231]
Event: 6.979 Thread 0x00000225f7c0c000 Exception <a 'java/lang/ClassNotFoundException'{0x000000008a623008}: com/example/AnnualLeave/model/RoleCustomizer> (0x000000008a623008) thrown at [./src/hotspot/share/classfile/systemDictionary.cpp, line 231]
Event: 102.441 Thread 0x000002259ced8000 Exception <a 'java/lang/NoSuchMethodError'{0x00000000890e89e8}: 'java.lang.Object java.lang.invoke.DirectMethodHandle$Holder.invokeStaticInit(java.lang.Object, java.lang.Object, java.lang.Object, java.lang.Object, java.lang.Object, java.lang.Object)'> (0x00000000890e89e8) thrown at [./src/hotspot/share/interpreter/linkResolver.cpp, line 773]
Event: 449.483 Thread 0x000002259ced9800 Implicit null exception at 0x0000022590aa6fa9 to 0x0000022590aaa560
Event: 449.485 Thread 0x000002259cedc000 Implicit null exception at 0x0000022590aa6fa9 to 0x0000022590aaa560
Event: 449.487 Thread 0x000002259ced7000 Implicit null exception at 0x0000022590aa6fa9 to 0x0000022590aaa560
Event: 449.488 Thread 0x000002259b97e800 Implicit null exception at 0x0000022590aa6fa9 to 0x0000022590aaa560

Events (20 events):
Event: 500.276 Executing VM operation: G1CollectForAllocation
Event: 500.277 Executing VM operation: G1CollectForAllocation done
Event: 501.098 Executing VM operation: G1CollectForAllocation
Event: 501.099 Executing VM operation: G1CollectForAllocation done
Event: 501.838 Executing VM operation: G1CollectForAllocation
Event: 501.839 Executing VM operation: G1CollectForAllocation done
Event: 502.616 Executing VM operation: G1CollectForAllocation
Event: 502.617 Executing VM operation: G1CollectForAllocation done
Event: 503.711 Executing VM operation: G1CollectForAllocation
Event: 503.712 Executing VM operation: G1CollectForAllocation done
Event: 504.811 Executing VM operation: G1CollectForAllocation
Event: 504.812 Executing VM operation: G1CollectForAllocation done
Event: 505.506 Executing VM operation: G1CollectForAllocation
Event: 505.507 Executing VM operation: G1CollectForAllocation done
Event: 506.577 Executing VM operation: G1CollectForAllocation
Event: 506.578 Executing VM operation: G1CollectForAllocation done
Event: 507.357 Executing VM operation: G1CollectForAllocation
Event: 507.357 Executing VM operation: G1CollectForAllocation done
Event: 507.916 Executing VM operation: G1CollectForAllocation
Event: 507.917 Executing VM operation: G1CollectForAllocation done


Dynamic libraries:
0x00007ff679b40000 - 0x00007ff679b4d000 	C:\Program Files\Eclipse Foundation\jdk-11.0.12.7-hotspot\bin\java.exe
0x00007ffa2fff0000 - 0x00007ffa301e5000 	C:\WINDOWS\SYSTEM32\ntdll.dll
0x00007ffa2f630000 - 0x00007ffa2f6ed000 	C:\WINDOWS\System32\KERNEL32.DLL
0x00007ffa2db10000 - 0x00007ffa2ddd9000 	C:\WINDOWS\System32\KERNELBASE.dll
0x00007ffa2de10000 - 0x00007ffa2df10000 	C:\WINDOWS\System32\ucrtbase.dll
0x00007ffa20c70000 - 0x00007ffa20c85000 	C:\Program Files\Eclipse Foundation\jdk-11.0.12.7-hotspot\bin\VCRUNTIME140.dll
0x00007ffa23f30000 - 0x00007ffa23f47000 	C:\Program Files\Eclipse Foundation\jdk-11.0.12.7-hotspot\bin\jli.dll
0x00007ffa2f890000 - 0x00007ffa2fa30000 	C:\WINDOWS\System32\USER32.dll
0x00007ffa2dde0000 - 0x00007ffa2de02000 	C:\WINDOWS\System32\win32u.dll
0x00007ffa17f90000 - 0x00007ffa1822a000 	C:\WINDOWS\WinSxS\amd64_microsoft.windows.common-controls_6595b64144ccf1df_6.0.19041.1110_none_60b5254171f9507e\COMCTL32.dll
0x00007ffa2f450000 - 0x00007ffa2f47a000 	C:\WINDOWS\System32\GDI32.dll
0x00007ffa2ff10000 - 0x00007ffa2ffae000 	C:\WINDOWS\System32\msvcrt.dll
0x00007ffa2da00000 - 0x00007ffa2db0b000 	C:\WINDOWS\System32\gdi32full.dll
0x00007ffa2d910000 - 0x00007ffa2d9ad000 	C:\WINDOWS\System32\msvcp_win.dll
0x00007ffa2e8b0000 - 0x00007ffa2e8e0000 	C:\WINDOWS\System32\IMM32.DLL
0x00007ffa1f9b0000 - 0x00007ffa1fa4b000 	C:\Program Files\Eclipse Foundation\jdk-11.0.12.7-hotspot\bin\msvcp140.dll
0x00007ff9c2500000 - 0x00007ff9c3059000 	C:\Program Files\Eclipse Foundation\jdk-11.0.12.7-hotspot\bin\server\jvm.dll
0x00007ffa2f280000 - 0x00007ffa2f32c000 	C:\WINDOWS\System32\ADVAPI32.dll
0x00007ffa2f160000 - 0x00007ffa2f1fb000 	C:\WINDOWS\System32\sechost.dll
0x00007ffa2e700000 - 0x00007ffa2e82a000 	C:\WINDOWS\System32\RPCRT4.dll
0x00007ffa2e5c0000 - 0x00007ffa2e5c8000 	C:\WINDOWS\System32\PSAPI.DLL
0x00007ffa20ba0000 - 0x00007ffa20ba9000 	C:\WINDOWS\SYSTEM32\WSOCK32.dll
0x00007ffa2a9e0000 - 0x00007ffa2aa07000 	C:\WINDOWS\SYSTEM32\WINMM.dll
0x00007ffa23be0000 - 0x00007ffa23bea000 	C:\WINDOWS\SYSTEM32\VERSION.dll
0x00007ffa2f020000 - 0x00007ffa2f08b000 	C:\WINDOWS\System32\WS2_32.dll
0x00007ffa2bfb0000 - 0x00007ffa2bfc2000 	C:\WINDOWS\SYSTEM32\kernel.appcore.dll
0x00007ffa259d0000 - 0x00007ffa259e0000 	C:\Program Files\Eclipse Foundation\jdk-11.0.12.7-hotspot\bin\verify.dll
0x00007ffa2bc40000 - 0x00007ffa2be24000 	C:\WINDOWS\SYSTEM32\DBGHELP.DLL
0x00007ffa2a9b0000 - 0x00007ffa2a9dc000 	C:\WINDOWS\SYSTEM32\dbgcore.DLL
0x00007ffa2d720000 - 0x00007ffa2d7a3000 	C:\WINDOWS\System32\bcryptPrimitives.dll
0x00007ffa20a40000 - 0x00007ffa20a68000 	C:\Program Files\Eclipse Foundation\jdk-11.0.12.7-hotspot\bin\java.dll
0x00007ffa24f30000 - 0x00007ffa24f3a000 	C:\Program Files\Eclipse Foundation\jdk-11.0.12.7-hotspot\bin\jimage.dll
0x00007ffa20c60000 - 0x00007ffa20c6e000 	C:\Program Files\Eclipse Foundation\jdk-11.0.12.7-hotspot\bin\instrument.dll
0x00007ffa20b30000 - 0x00007ffa20b47000 	C:\Program Files\Eclipse Foundation\jdk-11.0.12.7-hotspot\bin\zip.dll
0x00007ffa2e8e0000 - 0x00007ffa2f01f000 	C:\WINDOWS\System32\SHELL32.dll
0x00007ffa2b390000 - 0x00007ffa2bb20000 	C:\WINDOWS\SYSTEM32\windows.storage.dll
0x00007ffa2e050000 - 0x00007ffa2e3a5000 	C:\WINDOWS\System32\combase.dll
0x00007ffa2d180000 - 0x00007ffa2d1ac000 	C:\WINDOWS\SYSTEM32\Wldp.dll
0x00007ffa2e630000 - 0x00007ffa2e6de000 	C:\WINDOWS\System32\SHCORE.dll
0x00007ffa2f830000 - 0x00007ffa2f885000 	C:\WINDOWS\System32\shlwapi.dll
0x00007ffa2d660000 - 0x00007ffa2d67f000 	C:\WINDOWS\SYSTEM32\profapi.dll
0x00007ffa20a20000 - 0x00007ffa20a39000 	C:\Program Files\Eclipse Foundation\jdk-11.0.12.7-hotspot\bin\net.dll
0x00007ffa25720000 - 0x00007ffa25828000 	C:\WINDOWS\SYSTEM32\WINHTTP.dll
0x00007ffa2cee0000 - 0x00007ffa2cf4a000 	C:\WINDOWS\system32\mswsock.dll
0x00007ffa20410000 - 0x00007ffa20422000 	C:\Program Files\Eclipse Foundation\jdk-11.0.12.7-hotspot\bin\nio.dll
0x00007ffa1ff60000 - 0x00007ffa1ff7a000 	C:\Program Files\JetBrains\IntelliJ IDEA Community Edition 2021.2.1\bin\breakgen64.dll
0x00007ffa20bf0000 - 0x00007ffa20bf9000 	C:\Program Files\Eclipse Foundation\jdk-11.0.12.7-hotspot\bin\management.dll
0x00007ffa20b10000 - 0x00007ffa20b1b000 	C:\Program Files\Eclipse Foundation\jdk-11.0.12.7-hotspot\bin\management_ext.dll
0x00007ffa176f0000 - 0x00007ffa17707000 	C:\WINDOWS\system32\napinsp.dll
0x00007ffa176d0000 - 0x00007ffa176eb000 	C:\WINDOWS\system32\pnrpnsp.dll
0x00007ff9f5db0000 - 0x00007ff9f5dc5000 	C:\WINDOWS\system32\wshbth.dll
0x00007ffa25970000 - 0x00007ffa2598d000 	C:\WINDOWS\system32\NLAapi.dll
0x00007ffa2cb80000 - 0x00007ffa2cbbb000 	C:\WINDOWS\SYSTEM32\IPHLPAPI.DLL
0x00007ffa2cbd0000 - 0x00007ffa2cc9c000 	C:\WINDOWS\SYSTEM32\DNSAPI.dll
0x00007ffa2e6f0000 - 0x00007ffa2e6f8000 	C:\WINDOWS\System32\NSI.dll
0x00007ffa176b0000 - 0x00007ffa176c2000 	C:\WINDOWS\System32\winrnr.dll
0x00007ffa24070000 - 0x00007ffa2407a000 	C:\Windows\System32\rasadhlp.dll
0x00007ffa22d70000 - 0x00007ffa22def000 	C:\WINDOWS\System32\fwpuclnt.dll
0x00007ffa2e020000 - 0x00007ffa2e047000 	C:\WINDOWS\System32\bcrypt.dll
0x00007ffa2d0d0000 - 0x00007ffa2d0e8000 	C:\WINDOWS\SYSTEM32\CRYPTSP.dll
0x00007ffa2c7f0000 - 0x00007ffa2c824000 	C:\WINDOWS\system32\rsaenh.dll
0x00007ffa2d5e0000 - 0x00007ffa2d60e000 	C:\WINDOWS\SYSTEM32\USERENV.dll
0x00007ffa2d0f0000 - 0x00007ffa2d0fc000 	C:\WINDOWS\SYSTEM32\CRYPTBASE.dll
0x00007ffa23ea0000 - 0x00007ffa23eb7000 	C:\WINDOWS\SYSTEM32\dhcpcsvc6.DLL
0x00007ffa23e80000 - 0x00007ffa23e9d000 	C:\WINDOWS\SYSTEM32\dhcpcsvc.DLL
0x00007ffa1f980000 - 0x00007ffa1f9a5000 	C:\Program Files\Eclipse Foundation\jdk-11.0.12.7-hotspot\bin\sunec.dll
0x00007ffa20a10000 - 0x00007ffa20a1e000 	C:\Program Files\Eclipse Foundation\jdk-11.0.12.7-hotspot\bin\sunmscapi.dll
0x00007ffa2d7b0000 - 0x00007ffa2d90f000 	C:\WINDOWS\System32\CRYPT32.dll
0x00007ffa2d1f0000 - 0x00007ffa2d217000 	C:\WINDOWS\SYSTEM32\ncrypt.dll
0x00007ffa2d1b0000 - 0x00007ffa2d1eb000 	C:\WINDOWS\SYSTEM32\NTASN1.dll

dbghelp: loaded successfully - version: 4.0.5 - missing functions: none
symbol engine: initialized successfully - sym options: 0x614 - pdb path: .;C:\Program Files\Eclipse Foundation\jdk-11.0.12.7-hotspot\bin;C:\WINDOWS\SYSTEM32;C:\WINDOWS\WinSxS\amd64_microsoft.windows.common-controls_6595b64144ccf1df_6.0.19041.1110_none_60b5254171f9507e;C:\Program Files\Eclipse Foundation\jdk-11.0.12.7-hotspot\bin\server;C:\Program Files\JetBrains\IntelliJ IDEA Community Edition 2021.2.1\bin

VM Arguments:
jvm_args: -javaagent:C:\Program Files\JetBrains\IntelliJ IDEA Community Edition 2021.2.1\lib\idea_rt.jar=52773:C:\Program Files\JetBrains\IntelliJ IDEA Community Edition 2021.2.1\bin -Dfile.encoding=UTF-8 
java_command: com.example.AnnualLeave.AnnualLeaveApplication
java_class_path (initial): C:\Users\persi\OneDrive\Documents\Lufthansa Project\backend-app\target\classes;C:\Users\persi\.m2\repository\org\springframework\boot\spring-boot-starter-data-jpa\2.5.4\spring-boot-starter-data-jpa-2.5.4.jar;C:\Users\persi\.m2\repository\org\springframework\boot\spring-boot-starter-aop\2.5.4\spring-boot-starter-aop-2.5.4.jar;C:\Users\persi\.m2\repository\org\aspectj\aspectjweaver\1.9.7\aspectjweaver-1.9.7.jar;C:\Users\persi\.m2\repository\org\springframework\boot\spring-boot-starter-jdbc\2.5.4\spring-boot-starter-jdbc-2.5.4.jar;C:\Users\persi\.m2\repository\com\zaxxer\HikariCP\4.0.3\HikariCP-4.0.3.jar;C:\Users\persi\.m2\repository\org\springframework\spring-jdbc\5.3.9\spring-jdbc-5.3.9.jar;C:\Users\persi\.m2\repository\jakarta\transaction\jakarta.transaction-api\1.3.3\jakarta.transaction-api-1.3.3.jar;C:\Users\persi\.m2\repository\jakarta\persistence\jakarta.persistence-api\2.2.3\jakarta.persistence-api-2.2.3.jar;C:\Users\persi\.m2\repository\org\hibernate\hibernate-core\5.4.32.Final\hibernate-core-5.4.32.Final.jar;C:\Users\persi\.m2\repository\org\jboss\logging\jboss-logging\3.4.2.Final\jboss-logging-3.4.2.Final.jar;C:\Users\persi\.m2\repository\org\javassist\javassist\3.27.0-GA\javassist-3.27.0-GA.jar;C:\Users\persi\.m2\repository\antlr\antlr\2.7.7\antlr-2.7.7.jar;C:\Users\persi\.m2\repository\org\jboss\jandex\2.2.3.Final\jandex-2.2.3.Final.jar;C:\Users\persi\.m2\repository\org\dom4j\dom4j\2.1.3\dom4j-2.1.3.jar;C:\Users\persi\.m2\repository\org\hibernate\common\hibernate-commons-annotations\5.1.2.Final\hibernate-commons-annotations-5.1.2.Final.jar;C:\Users\persi\.m2\repository\org\glassfish\jaxb\jaxb-runtime\2.3.5\jaxb-runtime-2.3.5.jar;C:\Users\persi\.m2\repository\org\glassfish\jaxb\txw2\2.3.5\txw2-2.3.5.jar;C:\Users\persi\.m2\repository\com\sun\istack\istack-commons-runtime\3.0.12\istack-commons-runtime-3.0.12.jar;C:\Users\persi\.m2\repository\com\sun\activation\jakarta.activation\1.2.2\jakarta.activation-1.2.2.jar;C:\Users\persi\.m
Launcher Type: SUN_STANDARD

[Global flags]
     intx CICompilerCount                          = 4                                         {product} {ergonomic}
     uint ConcGCThreads                            = 2                                         {product} {ergonomic}
     uint G1ConcRefinementThreads                  = 8                                         {product} {ergonomic}
   size_t G1HeapRegionSize                         = 1048576                                   {product} {ergonomic}
    uintx GCDrainStackTargetSize                   = 64                                        {product} {ergonomic}
   size_t InitialHeapSize                          = 132120576                                 {product} {ergonomic}
   size_t MarkStackSize                            = 4194304                                   {product} {ergonomic}
   size_t MaxHeapSize                              = 2092957696                                {product} {ergonomic}
   size_t MaxNewSize                               = 1255145472                                {product} {ergonomic}
   size_t MinHeapDeltaBytes                        = 1048576                                   {product} {ergonomic}
    uintx NonNMethodCodeHeapSize                   = 5836300                                {pd product} {ergonomic}
    uintx NonProfiledCodeHeapSize                  = 122910970                              {pd product} {ergonomic}
    uintx ProfiledCodeHeapSize                     = 122910970                              {pd product} {ergonomic}
    uintx ReservedCodeCacheSize                    = 251658240                              {pd product} {ergonomic}
     bool SegmentedCodeCache                       = true                                      {product} {ergonomic}
     bool UseCompressedClassPointers               = true                                 {lp64_product} {ergonomic}
     bool UseCompressedOops                        = true                                 {lp64_product} {ergonomic}
     bool UseG1GC                                  = true                                      {product} {ergonomic}
     bool UseLargePagesIndividualAllocation        = false                                  {pd product} {ergonomic}

Logging:
Log output configuration:
 #0: stdout all=warning uptime,level,tags
 #1: stderr all=off uptime,level,tags

Environment Variables:
JAVA_HOME=C:\Program Files\Java\jdk1.8.0_241
PATH=C:\Program Files\Eclipse Foundation\jdk-11.0.12.7-hotspot\bin;C:\Program Files (x86)\Common Files\Oracle\Java\javapath;C:\WINDOWS\system32;C:\WINDOWS;C:\WINDOWS\System32\Wbem;C:\WINDOWS\System32\WindowsPowerShell\v1.0\;C:\WINDOWS\System32\OpenSSH\;C:\Program Files\PuTTY\;C:\Program Files\Git\cmd;C:\Program Files\gradle-6.2.2\bin;C:\Program Files\Java\jdk1.8.0_241\bin;C:\Users\persi\AppData\Roaming\nvm;C:\Program Files\nodejs;C:\Program Files\Microsoft SQL Server\Client SDK\ODBC\170\Tools\Binn\;C:\Program Files (x86)\Microsoft SQL Server\150\Tools\Binn\;C:\Program Files\Microsoft SQL Server\150\Tools\Binn\;C:\Program Files\Microsoft SQL Server\150\DTS\Binn\;C:\Program Files (x86)\Microsoft SQL Server\150\DTS\Binn\;C:\Program Files\Azure Data Studio\bin;C:\Program Files\nodejs\;C:\Program Files\MySQL\MySQL Shell 8.0\bin\;C:\Users\persi\AppData\Local\Programs\Python\Python39\Scripts\;C:\Users\persi\AppData\Local\Programs\Python\Python39\;C:\Users\persi\Downloads\apache-maven-3.6.3-bin\apache-maven-3.6.3\bin;C:\Users\persi\AppData\Local\Google\Cloud SDK\google-cloud-sdk\bin;C:\Users\persi\AppData\Local\Programs\Microsoft VS Code\bin;C:\Program Files\Java\jdk1.8.0_241;C:\Users\persi\AppData\Roaming\nvm;C:\Program Files\nodejs;C:\Users\persi\AppData\Local\Microsoft\WindowsApps;C:\Program Files\Azure Data Studio\bin;C:\Users\persi\AppData\Roaming\npm;C:\Program Files\JetBrains\IntelliJ IDEA Community Edition 2021.2.1\bin;
USERNAME=persi
OS=Windows_NT
PROCESSOR_IDENTIFIER=Intel64 Family 6 Model 142 Stepping 12, GenuineIntel



---------------  S Y S T E M  ---------------

OS: Windows 10 , 64 bit Build 19041 (10.0.19041.1151)
OS uptime: 4 days 21:49 hours

CPU:total 8 (initial active 8) (4 cores per cpu, 2 threads per core) family 6 model 142 stepping 12 microcode 0xd6, cmov, cx8, fxsr, mmx, sse, sse2, sse3, ssse3, sse4.1, sse4.2, popcnt, avx, avx2, aes, clmul, erms, 3dnowpref, lzcnt, ht, tsc, tscinvbit, bmi1, bmi2, adx, fma

Memory: 4k page, system-wide physical 7976M (344M free)
TotalPageFile size 32552M (AvailPageFile size 0M)
current process WorkingSet (physical memory assigned to process): 276M, peak: 439M
current process commit charge ("private bytes"): 400M, peak: 503M

vm_info: OpenJDK 64-Bit Server VM (11.0.12+7) for windows-amd64 JRE (11.0.12+7), built on Jul 21 2021 16:23:49 by "" with unknown MS VC++:1916

END.
